<?xml version="1.0" encoding="UTF-8"?>
<testsuites>
    <testsuite name="force.apex" timestamp="2020-10-10T16:48:11-07:00" hostname="https://efficiency-inspiration-5373.cs41.my.salesforce.com/" tests="1" failures="1"  errors="0"  time="0.02">
        <properties>
            <property name="outcome" value="Failed"/>
            <property name="testsRan" value="1"/>
            <property name="passing" value="0"/>
            <property name="failing" value="1"/>
            <property name="skipped" value="0"/>
            <property name="passRate" value="0%"/>
            <property name="failRate" value="100%"/>
            <property name="testStartTime" value="Oct 10, 2020 4:48 PM"/>
            <property name="testExecutionTime" value="0.02 s"/>
            <property name="testTotalTime" value="0.02 s"/>
            <property name="commandTime" value="3.85 s"/>
            <property name="hostname" value="https://efficiency-inspiration-5373.cs41.my.salesforce.com/"/>
            <property name="orgId" value="00D55000000Ib7AEAS"/>
            <property name="username" value="test-ecxjsxmknsmv@example.com"/>
            <property name="testRunId" value="70755000025vs6R"/>
            <property name="userId" value="00555000006KpXXAA0"/>
            <property name="testRunCoverage" value="100%"/>
            <property name="orgWideCoverage" value="8%"/>
        </properties>
        <testcase name="generateTrackingNumber_works" classname="FedExImplTest" time="0.02">
            <failure message="System.AssertException: Assertion Failed"><![CDATA[Class.FedExImplTest.generateTrackingNumber_works: line 8, column 1]]></failure>
        </testcase>
    </testsuite>
</testsuites>
